#
# There is insufficient memory for the Java Runtime Environment to continue.
# Native memory allocation (mmap) failed to map 24117248 bytes for G1 virtual space
# Possible reasons:
#   The system is out of physical RAM or swap space
#   The process is running with CompressedOops enabled, and the Java Heap may be blocking the growth of the native heap
# Possible solutions:
#   Reduce memory load on the system
#   Increase physical memory or swap space
#   Check if swap backing store is full
#   Decrease Java heap size (-Xmx/-Xms)
#   Decrease number of Java threads
#   Decrease Java thread stack sizes (-Xss)
#   Set larger code cache with -XX:ReservedCodeCacheSize=
#   JVM is running with Unscaled Compressed Oops mode in which the Java heap is
#     placed in the first 4GB address space. The Java Heap base address is the
#     maximum limit for the native heap growth. Please use -XX:HeapBaseMinAddress
#     to set the Java Heap base and to place the Java Heap above 4GB virtual address.
# This output file may be truncated or incomplete.
#
#  Out of Memory Error (os_windows.cpp:3536), pid=6756, tid=4892
#
# JRE version: Java(TM) SE Runtime Environment (19.0.2+7) (build 19.0.2+7-44)
# Java VM: Java HotSpot(TM) 64-Bit Server VM (19.0.2+7-44, mixed mode, sharing, tiered, compressed oops, compressed class ptrs, g1 gc, windows-amd64)
# No core dump will be written. Minidumps are not enabled by default on client versions of Windows
#

---------------  S U M M A R Y ------------

Command Line: -Djava.library.path=C:\Users\Quentin\Downloads\opencv\build\java\x64 -Dfile.encoding=UTF-8 -XX:+ShowCodeDetailsInExceptionMessages Main

Host: AMD Ryzen 5 3500U with Radeon Vega Mobile Gfx  , 8 cores, 6G,  Windows 11 , 64 bit Build 22621 (10.0.22621.2506)
Time: Thu Dec 14 09:05:27 2023 Paris, Madrid elapsed time: 14.264875 seconds (0d 0h 0m 14s)

---------------  T H R E A D  ---------------

Current thread (0x00000182a9a57820):  VMThread "VM Thread" [stack: 0x0000001b54b00000,0x0000001b54c00000] [id=4892]

Stack: [0x0000001b54b00000,0x0000001b54c00000]
Native frames: (J=compiled Java code, j=interpreted, Vv=VM code, C=native code)
V  [jvm.dll+0x6ee21a]
V  [jvm.dll+0x85765e]
V  [jvm.dll+0x85904e]
V  [jvm.dll+0x859703]
V  [jvm.dll+0x28298f]
V  [jvm.dll+0x6eb009]
V  [jvm.dll+0x6dfbaa]
V  [jvm.dll+0x3573f6]
V  [jvm.dll+0x35ee56]
V  [jvm.dll+0x3b541e]
V  [jvm.dll+0x3b564f]
V  [jvm.dll+0x32c9ea]
V  [jvm.dll+0x32ca97]
V  [jvm.dll+0x374cd2]
V  [jvm.dll+0x37340f]
V  [jvm.dll+0x32c210]
V  [jvm.dll+0x3729ab]
V  [jvm.dll+0x85ebc3]
V  [jvm.dll+0x85f989]
V  [jvm.dll+0x85febd]
V  [jvm.dll+0x86034b]
V  [jvm.dll+0x860407]
V  [jvm.dll+0x80125a]
V  [jvm.dll+0x6ecf0b]
C  [ucrtbase.dll+0x29363]
C  [KERNEL32.DLL+0x1257d]
C  [ntdll.dll+0x5aa58]

VM_Operation (0x0000001b545f8560): G1CollectForAllocation, mode: safepoint, requested by thread 0x000001828bbb76c0


---------------  P R O C E S S  ---------------

Threads class SMR info:
_java_thread_list=0x00000182bde43fa0, length=14, elements={
0x000001828bbb76c0, 0x00000182a9a6ca80, 0x00000182a9a6ff00, 0x00000182a9a716d0,
0x00000182a9a72200, 0x00000182a9a77590, 0x00000182a9a7f3e0, 0x00000182a9aa2060,
0x00000182a9ad9760, 0x00000182a9add4a0, 0x00000182ade2a040, 0x00000182ade30c60,
0x00000182ae0488f0, 0x00000182ae07c650
}

Java Threads: ( => current thread )
  0x000001828bbb76c0 JavaThread "main" [_thread_blocked, id=17860, stack(0x0000001b54500000,0x0000001b54600000)]
  0x00000182a9a6ca80 JavaThread "Reference Handler" daemon [_thread_blocked, id=10980, stack(0x0000001b54c00000,0x0000001b54d00000)]
  0x00000182a9a6ff00 JavaThread "Finalizer" daemon [_thread_blocked, id=15240, stack(0x0000001b54d00000,0x0000001b54e00000)]
  0x00000182a9a716d0 JavaThread "Signal Dispatcher" daemon [_thread_blocked, id=10692, stack(0x0000001b54e00000,0x0000001b54f00000)]
  0x00000182a9a72200 JavaThread "Attach Listener" daemon [_thread_blocked, id=9500, stack(0x0000001b54f00000,0x0000001b55000000)]
  0x00000182a9a77590 JavaThread "Service Thread" daemon [_thread_blocked, id=4180, stack(0x0000001b55000000,0x0000001b55100000)]
  0x00000182a9a7f3e0 JavaThread "Monitor Deflation Thread" daemon [_thread_blocked, id=5168, stack(0x0000001b55100000,0x0000001b55200000)]
  0x00000182a9aa2060 JavaThread "C2 CompilerThread0" daemon [_thread_blocked, id=6276, stack(0x0000001b55200000,0x0000001b55300000)]
  0x00000182a9ad9760 JavaThread "C1 CompilerThread0" daemon [_thread_blocked, id=12164, stack(0x0000001b55300000,0x0000001b55400000)]
  0x00000182a9add4a0 JavaThread "Sweeper thread" daemon [_thread_blocked, id=17476, stack(0x0000001b55400000,0x0000001b55500000)]
  0x00000182ade2a040 JavaThread "Notification Thread" daemon [_thread_blocked, id=16512, stack(0x0000001b55500000,0x0000001b55600000)]
  0x00000182ade30c60 JavaThread "Common-Cleaner" daemon [_thread_blocked, id=8440, stack(0x0000001b55700000,0x0000001b55800000)]
  0x00000182ae0488f0 JavaThread "Java2D Disposer" daemon [_thread_blocked, id=1120, stack(0x0000001b55900000,0x0000001b55a00000)]
  0x00000182ae07c650 JavaThread "AWT-Windows" daemon [_thread_in_native, id=15512, stack(0x0000001b55b00000,0x0000001b55c00000)]

Other Threads:
=>0x00000182a9a57820 VMThread "VM Thread" [stack: 0x0000001b54b00000,0x0000001b54c00000] [id=4892]
  0x00000182ade2e9a0 WatcherThread "VM Periodic Task Thread" [stack: 0x0000001b55600000,0x0000001b55700000] [id=14348]
  0x000001828bc10db0 WorkerThread "GC Thread#0" [stack: 0x0000001b54600000,0x0000001b54700000] [id=5516]
  0x00000182ba19a010 WorkerThread "GC Thread#1" [stack: 0x0000001b56800000,0x0000001b56900000] [id=15888]
  0x00000182b54b9630 WorkerThread "GC Thread#2" [stack: 0x0000001b56900000,0x0000001b56a00000] [id=10708]
  0x00000182b1b4d820 WorkerThread "GC Thread#3" [stack: 0x0000001b56a00000,0x0000001b56b00000] [id=8404]
  0x00000182b5808430 WorkerThread "GC Thread#4" [stack: 0x0000001b56b00000,0x0000001b56c00000] [id=13688]
  0x00000182b5621630 WorkerThread "GC Thread#5" [stack: 0x0000001b56c00000,0x0000001b56d00000] [id=17732]
  0x000001828bc20b20 ConcurrentGCThread "G1 Main Marker" [stack: 0x0000001b54700000,0x0000001b54800000] [id=13776]
  0x000001828bc21550 WorkerThread "G1 Conc#0" [stack: 0x0000001b54800000,0x0000001b54900000] [id=12124]
  0x000001828bc7d660 ConcurrentGCThread "G1 Refine#0" [stack: 0x0000001b54900000,0x0000001b54a00000] [id=5164]
  0x000001828bc7eae0 ConcurrentGCThread "G1 Service" [stack: 0x0000001b54a00000,0x0000001b54b00000] [id=8044]

Threads with active compile tasks:

VM state: at safepoint (normal execution)

VM Mutex/Monitor currently owned by a thread:  ([mutex/lock_event])
[0x000001828bbb3090] Threads_lock - owner thread: 0x00000182a9a57820
[0x000001828bbb3a20] Heap_lock - owner thread: 0x000001828bbb76c0

Heap address: 0x0000000091000000, size: 1776 MB, Compressed Oops mode: 32-bit

CDS archive(s) mapped at: [0x0000000800000000-0x0000000800c40000-0x0000000800c40000), size 12845056, SharedBaseAddress: 0x0000000800000000, ArchiveRelocationMode: 0.
Compressed class space mapped at: 0x0000000801000000-0x0000000841000000, reserved size: 1073741824
Narrow klass base: 0x0000000800000000, Narrow klass shift: 0, Narrow klass range: 0x100000000

GC Precious Log:
 CardTable entry size: 512
 Card Set container configuration: InlinePtr #cards 5 size 8 Array Of Cards #cards 12 size 40 Howl #buckets 4 coarsen threshold 1843 Howl Bitmap #cards 512 size 80 coarsen threshold 460 Card regions per heap region 1 cards per card region 2048
 CPUs: 8 total, 8 available
 Memory: 7103M
 Large Page Support: Disabled
 NUMA Support: Disabled
 Compressed Oops: Enabled (32-bit)
 Heap Region Size: 1M
 Heap Min Capacity: 8M
 Heap Initial Capacity: 112M
 Heap Max Capacity: 1776M
 Pre-touch: Disabled
 Parallel Workers: 8
 Concurrent Workers: 2
 Concurrent Refinement Workers: 8
 Periodic GC: Disabled

Heap:
 garbage-first heap   total 114688K, used 27619K [0x0000000091000000, 0x0000000100000000)
  region size 1024K, 7 young (7168K), 7 survivors (7168K)
 Metaspace       used 4012K, committed 4288K, reserved 1114112K
  class space    used 363K, committed 512K, reserved 1048576K

Heap Regions: E=young(eden), S=young(survivor), O=old, HS=humongous(starts), HC=humongous(continues), CS=collection set, F=free, OA=open archive, CA=closed archive, TAMS=top-at-mark-start (previous, next)
|   0|0x0000000091000000, 0x0000000091100000, 0x0000000091100000|100%| O|  |TAMS 0x0000000091000000, 0x0000000091000000| Untracked 
|   1|0x0000000091100000, 0x0000000091200000, 0x0000000091200000|100%| O|  |TAMS 0x0000000091100000, 0x0000000091100000| Untracked 
|   2|0x0000000091200000, 0x0000000091300000, 0x0000000091300000|100%| O|  |TAMS 0x0000000091200000, 0x0000000091200000| Untracked 
|   3|0x0000000091300000, 0x0000000091400000, 0x0000000091400000|100%| O|  |TAMS 0x0000000091300000, 0x0000000091300000| Untracked 
|   4|0x0000000091400000, 0x0000000091500000, 0x0000000091500000|100%| O|  |TAMS 0x0000000091400000, 0x0000000091400000| Untracked 
|   5|0x0000000091500000, 0x0000000091600000, 0x0000000091600000|100%| O|  |TAMS 0x0000000091500000, 0x0000000091500000| Untracked 
|   6|0x0000000091600000, 0x0000000091700000, 0x0000000091700000|100%| O|  |TAMS 0x0000000091600000, 0x0000000091600000| Untracked 
|   7|0x0000000091700000, 0x0000000091800000, 0x0000000091800000|100%| O|  |TAMS 0x0000000091700000, 0x0000000091700000| Untracked 
|   8|0x0000000091800000, 0x0000000091900000, 0x0000000091900000|100%| O|  |TAMS 0x0000000091800000, 0x0000000091800000| Untracked 
|   9|0x0000000091900000, 0x0000000091a00000, 0x0000000091a00000|100%| O|  |TAMS 0x0000000091900000, 0x0000000091900000| Untracked 
|  10|0x0000000091a00000, 0x0000000091b00000, 0x0000000091b00000|100%| O|  |TAMS 0x0000000091a00000, 0x0000000091a00000| Untracked 
|  11|0x0000000091b00000, 0x0000000091c00000, 0x0000000091c00000|100%| O|  |TAMS 0x0000000091b00000, 0x0000000091b00000| Untracked 
|  12|0x0000000091c00000, 0x0000000091d00000, 0x0000000091d00000|100%| O|  |TAMS 0x0000000091c00000, 0x0000000091c00000| Untracked 
|  13|0x0000000091d00000, 0x0000000091e00000, 0x0000000091e00000|100%| O|  |TAMS 0x0000000091d00000, 0x0000000091d00000| Untracked 
|  14|0x0000000091e00000, 0x0000000091f00000, 0x0000000091f00000|100%| O|  |TAMS 0x0000000091e00000, 0x0000000091e00000| Untracked 
|  15|0x0000000091f00000, 0x0000000092000000, 0x0000000092000000|100%| O|  |TAMS 0x0000000091f00000, 0x0000000091f00000| Untracked 
|  16|0x0000000092000000, 0x0000000092100000, 0x0000000092100000|100%| O|  |TAMS 0x0000000092000000, 0x0000000092000000| Untracked 
|  17|0x0000000092100000, 0x0000000092200000, 0x0000000092200000|100%| O|  |TAMS 0x0000000092100000, 0x0000000092100000| Untracked 
|  18|0x0000000092200000, 0x0000000092300000, 0x0000000092300000|100%| O|  |TAMS 0x0000000092200000, 0x0000000092200000| Untracked 
|  19|0x0000000092300000, 0x00000000923f8e00, 0x0000000092400000| 97%| O|  |TAMS 0x0000000092300000, 0x0000000092300000| Untracked 
|  20|0x0000000092400000, 0x0000000092400000, 0x0000000092500000|  0%| F|  |TAMS 0x0000000092400000, 0x0000000092400000| Untracked 
|  21|0x0000000092500000, 0x0000000092500000, 0x0000000092600000|  0%| F|  |TAMS 0x0000000092500000, 0x0000000092500000| Untracked 
|  22|0x0000000092600000, 0x0000000092600000, 0x0000000092700000|  0%| F|  |TAMS 0x0000000092600000, 0x0000000092600000| Untracked 
|  23|0x0000000092700000, 0x0000000092700000, 0x0000000092800000|  0%| F|  |TAMS 0x0000000092700000, 0x0000000092700000| Untracked 
|  24|0x0000000092800000, 0x0000000092800000, 0x0000000092900000|  0%| F|  |TAMS 0x0000000092800000, 0x0000000092800000| Untracked 
|  25|0x0000000092900000, 0x0000000092900000, 0x0000000092a00000|  0%| F|  |TAMS 0x0000000092900000, 0x0000000092900000| Untracked 
|  26|0x0000000092a00000, 0x0000000092a00000, 0x0000000092b00000|  0%| F|  |TAMS 0x0000000092a00000, 0x0000000092a00000| Untracked 
|  27|0x0000000092b00000, 0x0000000092b00000, 0x0000000092c00000|  0%| F|  |TAMS 0x0000000092b00000, 0x0000000092b00000| Untracked 
|  28|0x0000000092c00000, 0x0000000092c00000, 0x0000000092d00000|  0%| F|  |TAMS 0x0000000092c00000, 0x0000000092c00000| Untracked 
|  29|0x0000000092d00000, 0x0000000092d00000, 0x0000000092e00000|  0%| F|  |TAMS 0x0000000092d00000, 0x0000000092d00000| Untracked 
|  30|0x0000000092e00000, 0x0000000092e00000, 0x0000000092f00000|  0%| F|  |TAMS 0x0000000092e00000, 0x0000000092e00000| Untracked 
|  31|0x0000000092f00000, 0x0000000092f00000, 0x0000000093000000|  0%| F|  |TAMS 0x0000000092f00000, 0x0000000092f00000| Untracked 
|  32|0x0000000093000000, 0x0000000093000000, 0x0000000093100000|  0%| F|  |TAMS 0x0000000093000000, 0x0000000093000000| Untracked 
|  33|0x0000000093100000, 0x0000000093100000, 0x0000000093200000|  0%| F|  |TAMS 0x0000000093100000, 0x0000000093100000| Untracked 
|  34|0x0000000093200000, 0x0000000093200000, 0x0000000093300000|  0%| F|  |TAMS 0x0000000093200000, 0x0000000093200000| Untracked 
|  35|0x0000000093300000, 0x0000000093300000, 0x0000000093400000|  0%| F|  |TAMS 0x0000000093300000, 0x0000000093300000| Untracked 
|  36|0x0000000093400000, 0x0000000093400000, 0x0000000093500000|  0%| F|  |TAMS 0x0000000093400000, 0x0000000093400000| Untracked 
|  37|0x0000000093500000, 0x0000000093500000, 0x0000000093600000|  0%| F|  |TAMS 0x0000000093500000, 0x0000000093500000| Untracked 
|  38|0x0000000093600000, 0x0000000093600000, 0x0000000093700000|  0%| F|  |TAMS 0x0000000093600000, 0x0000000093600000| Untracked 
|  39|0x0000000093700000, 0x0000000093700000, 0x0000000093800000|  0%| F|  |TAMS 0x0000000093700000, 0x0000000093700000| Untracked 
|  40|0x0000000093800000, 0x0000000093800000, 0x0000000093900000|  0%| F|  |TAMS 0x0000000093800000, 0x0000000093800000| Untracked 
|  41|0x0000000093900000, 0x0000000093900000, 0x0000000093a00000|  0%| F|  |TAMS 0x0000000093900000, 0x0000000093900000| Untracked 
|  42|0x0000000093a00000, 0x0000000093a00000, 0x0000000093b00000|  0%| F|  |TAMS 0x0000000093a00000, 0x0000000093a00000| Untracked 
|  43|0x0000000093b00000, 0x0000000093b00000, 0x0000000093c00000|  0%| F|  |TAMS 0x0000000093b00000, 0x0000000093b00000| Untracked 
|  44|0x0000000093c00000, 0x0000000093c00000, 0x0000000093d00000|  0%| F|  |TAMS 0x0000000093c00000, 0x0000000093c00000| Untracked 
|  45|0x0000000093d00000, 0x0000000093d00000, 0x0000000093e00000|  0%| F|  |TAMS 0x0000000093d00000, 0x0000000093d00000| Untracked 
|  46|0x0000000093e00000, 0x0000000093e00000, 0x0000000093f00000|  0%| F|  |TAMS 0x0000000093e00000, 0x0000000093e00000| Untracked 
|  47|0x0000000093f00000, 0x0000000093f00000, 0x0000000094000000|  0%| F|  |TAMS 0x0000000093f00000, 0x0000000093f00000| Untracked 
|  48|0x0000000094000000, 0x0000000094000000, 0x0000000094100000|  0%| F|  |TAMS 0x0000000094000000, 0x0000000094000000| Untracked 
|  49|0x0000000094100000, 0x0000000094100000, 0x0000000094200000|  0%| F|  |TAMS 0x0000000094100000, 0x0000000094100000| Untracked 
|  50|0x0000000094200000, 0x0000000094200000, 0x0000000094300000|  0%| F|  |TAMS 0x0000000094200000, 0x0000000094200000| Untracked 
|  51|0x0000000094300000, 0x0000000094300000, 0x0000000094400000|  0%| F|  |TAMS 0x0000000094300000, 0x0000000094300000| Untracked 
|  52|0x0000000094400000, 0x0000000094400000, 0x0000000094500000|  0%| F|  |TAMS 0x0000000094400000, 0x0000000094400000| Untracked 
|  53|0x0000000094500000, 0x0000000094500000, 0x0000000094600000|  0%| F|  |TAMS 0x0000000094500000, 0x0000000094500000| Untracked 
|  54|0x0000000094600000, 0x0000000094600000, 0x0000000094700000|  0%| F|  |TAMS 0x0000000094600000, 0x0000000094600000| Untracked 
|  55|0x0000000094700000, 0x0000000094700000, 0x0000000094800000|  0%| F|  |TAMS 0x0000000094700000, 0x0000000094700000| Untracked 
|  56|0x0000000094800000, 0x0000000094900000, 0x0000000094900000|100%| S|CS|TAMS 0x0000000094800000, 0x0000000094800000| Complete 
|  57|0x0000000094900000, 0x0000000094a00000, 0x0000000094a00000|100%| S|CS|TAMS 0x0000000094900000, 0x0000000094900000| Complete 
|  58|0x0000000094a00000, 0x0000000094a00000, 0x0000000094b00000|  0%| F|  |TAMS 0x0000000094a00000, 0x0000000094a00000| Untracked 
|  59|0x0000000094b00000, 0x0000000094b00000, 0x0000000094c00000|  0%| F|  |TAMS 0x0000000094b00000, 0x0000000094b00000| Untracked 
|  60|0x0000000094c00000, 0x0000000094c00000, 0x0000000094d00000|  0%| F|  |TAMS 0x0000000094c00000, 0x0000000094c00000| Untracked 
|  61|0x0000000094d00000, 0x0000000094d00000, 0x0000000094e00000|  0%| F|  |TAMS 0x0000000094d00000, 0x0000000094d00000| Untracked 
|  62|0x0000000094e00000, 0x0000000094e00000, 0x0000000094f00000|  0%| F|  |TAMS 0x0000000094e00000, 0x0000000094e00000| Untracked 
|  63|0x0000000094f00000, 0x0000000094f00000, 0x0000000095000000|  0%| F|  |TAMS 0x0000000094f00000, 0x0000000094f00000| Untracked 
|  64|0x0000000095000000, 0x0000000095100000, 0x0000000095100000|100%| S|CS|TAMS 0x0000000095000000, 0x0000000095000000| Complete 
|  65|0x0000000095100000, 0x0000000095200000, 0x0000000095200000|100%| S|CS|TAMS 0x0000000095100000, 0x0000000095100000| Complete 
|  66|0x0000000095200000, 0x0000000095300000, 0x0000000095300000|100%| S|CS|TAMS 0x0000000095200000, 0x0000000095200000| Complete 
|  67|0x0000000095300000, 0x0000000095400000, 0x0000000095400000|100%| S|CS|TAMS 0x0000000095300000, 0x0000000095300000| Complete 
|  68|0x0000000095400000, 0x0000000095500000, 0x0000000095500000|100%| S|CS|TAMS 0x0000000095400000, 0x0000000095400000| Complete 
|  69|0x0000000095500000, 0x0000000095500000, 0x0000000095600000|  0%| F|  |TAMS 0x0000000095500000, 0x0000000095500000| Untracked 
|  70|0x0000000095600000, 0x0000000095600000, 0x0000000095700000|  0%| F|  |TAMS 0x0000000095600000, 0x0000000095600000| Untracked 
|  71|0x0000000095700000, 0x0000000095700000, 0x0000000095800000|  0%| F|  |TAMS 0x0000000095700000, 0x0000000095700000| Untracked 
|  72|0x0000000095800000, 0x0000000095800000, 0x0000000095900000|  0%| F|  |TAMS 0x0000000095800000, 0x0000000095800000| Untracked 
|  73|0x0000000095900000, 0x0000000095900000, 0x0000000095a00000|  0%| F|  |TAMS 0x0000000095900000, 0x0000000095900000| Untracked 
|  74|0x0000000095a00000, 0x0000000095a00000, 0x0000000095b00000|  0%| F|  |TAMS 0x0000000095a00000, 0x0000000095a00000| Untracked 
|  75|0x0000000095b00000, 0x0000000095b00000, 0x0000000095c00000|  0%| F|  |TAMS 0x0000000095b00000, 0x0000000095b00000| Untracked 
|  76|0x0000000095c00000, 0x0000000095c00000, 0x0000000095d00000|  0%| F|  |TAMS 0x0000000095c00000, 0x0000000095c00000| Untracked 
|  77|0x0000000095d00000, 0x0000000095d00000, 0x0000000095e00000|  0%| F|  |TAMS 0x0000000095d00000, 0x0000000095d00000| Untracked 
|  78|0x0000000095e00000, 0x0000000095e00000, 0x0000000095f00000|  0%| F|  |TAMS 0x0000000095e00000, 0x0000000095e00000| Untracked 
|  79|0x0000000095f00000, 0x0000000095f00000, 0x0000000096000000|  0%| F|  |TAMS 0x0000000095f00000, 0x0000000095f00000| Untracked 
|  80|0x0000000096000000, 0x0000000096000000, 0x0000000096100000|  0%| F|  |TAMS 0x0000000096000000, 0x0000000096000000| Untracked 
|  81|0x0000000096100000, 0x0000000096100000, 0x0000000096200000|  0%| F|  |TAMS 0x0000000096100000, 0x0000000096100000| Untracked 
|  82|0x0000000096200000, 0x0000000096200000, 0x0000000096300000|  0%| F|  |TAMS 0x0000000096200000, 0x0000000096200000| Untracked 
|  83|0x0000000096300000, 0x0000000096300000, 0x0000000096400000|  0%| F|  |TAMS 0x0000000096300000, 0x0000000096300000| Untracked 
|  84|0x0000000096400000, 0x0000000096400000, 0x0000000096500000|  0%| F|  |TAMS 0x0000000096400000, 0x0000000096400000| Untracked 
|  85|0x0000000096500000, 0x0000000096500000, 0x0000000096600000|  0%| F|  |TAMS 0x0000000096500000, 0x0000000096500000| Untracked 
|  86|0x0000000096600000, 0x0000000096600000, 0x0000000096700000|  0%| F|  |TAMS 0x0000000096600000, 0x0000000096600000| Untracked 
|  87|0x0000000096700000, 0x0000000096700000, 0x0000000096800000|  0%| F|  |TAMS 0x0000000096700000, 0x0000000096700000| Untracked 
|  88|0x0000000096800000, 0x0000000096800000, 0x0000000096900000|  0%| F|  |TAMS 0x0000000096800000, 0x0000000096800000| Untracked 
|  89|0x0000000096900000, 0x0000000096900000, 0x0000000096a00000|  0%| F|  |TAMS 0x0000000096900000, 0x0000000096900000| Untracked 
|  90|0x0000000096a00000, 0x0000000096a00000, 0x0000000096b00000|  0%| F|  |TAMS 0x0000000096a00000, 0x0000000096a00000| Untracked 
|  91|0x0000000096b00000, 0x0000000096b00000, 0x0000000096c00000|  0%| F|  |TAMS 0x0000000096b00000, 0x0000000096b00000| Untracked 
|  92|0x0000000096c00000, 0x0000000096c00000, 0x0000000096d00000|  0%| F|  |TAMS 0x0000000096c00000, 0x0000000096c00000| Untracked 
|  93|0x0000000096d00000, 0x0000000096d00000, 0x0000000096e00000|  0%| F|  |TAMS 0x0000000096d00000, 0x0000000096d00000| Untracked 
|  94|0x0000000096e00000, 0x0000000096e00000, 0x0000000096f00000|  0%| F|  |TAMS 0x0000000096e00000, 0x0000000096e00000| Untracked 
|  95|0x0000000096f00000, 0x0000000096f00000, 0x0000000097000000|  0%| F|  |TAMS 0x0000000096f00000, 0x0000000096f00000| Untracked 
|  96|0x0000000097000000, 0x0000000097000000, 0x0000000097100000|  0%| F|  |TAMS 0x0000000097000000, 0x0000000097000000| Untracked 
|  97|0x0000000097100000, 0x0000000097100000, 0x0000000097200000|  0%| F|  |TAMS 0x0000000097100000, 0x0000000097100000| Untracked 
|  98|0x0000000097200000, 0x0000000097200000, 0x0000000097300000|  0%| F|  |TAMS 0x0000000097200000, 0x0000000097200000| Untracked 
|  99|0x0000000097300000, 0x0000000097300000, 0x0000000097400000|  0%| F|  |TAMS 0x0000000097300000, 0x0000000097300000| Untracked 
| 100|0x0000000097400000, 0x0000000097400000, 0x0000000097500000|  0%| F|  |TAMS 0x0000000097400000, 0x0000000097400000| Untracked 
| 101|0x0000000097500000, 0x0000000097500000, 0x0000000097600000|  0%| F|  |TAMS 0x0000000097500000, 0x0000000097500000| Untracked 
| 102|0x0000000097600000, 0x0000000097600000, 0x0000000097700000|  0%| F|  |TAMS 0x0000000097600000, 0x0000000097600000| Untracked 
| 103|0x0000000097700000, 0x0000000097700000, 0x0000000097800000|  0%| F|  |TAMS 0x0000000097700000, 0x0000000097700000| Untracked 
| 104|0x0000000097800000, 0x0000000097800000, 0x0000000097900000|  0%| F|  |TAMS 0x0000000097800000, 0x0000000097800000| Untracked 
| 105|0x0000000097900000, 0x0000000097900000, 0x0000000097a00000|  0%| F|  |TAMS 0x0000000097900000, 0x0000000097900000| Untracked 
| 106|0x0000000097a00000, 0x0000000097a00000, 0x0000000097b00000|  0%| F|  |TAMS 0x0000000097a00000, 0x0000000097a00000| Untracked 
| 107|0x0000000097b00000, 0x0000000097b00000, 0x0000000097c00000|  0%| F|  |TAMS 0x0000000097b00000, 0x0000000097b00000| Untracked 
| 108|0x0000000097c00000, 0x0000000097c00000, 0x0000000097d00000|  0%| F|  |TAMS 0x0000000097c00000, 0x0000000097c00000| Untracked 
| 109|0x0000000097d00000, 0x0000000097d00000, 0x0000000097e00000|  0%| F|  |TAMS 0x0000000097d00000, 0x0000000097d00000| Untracked 
| 110|0x0000000097e00000, 0x0000000097e00000, 0x0000000097f00000|  0%| F|  |TAMS 0x0000000097e00000, 0x0000000097e00000| Untracked 
| 111|0x0000000097f00000, 0x0000000097f00000, 0x0000000098000000|  0%| F|  |TAMS 0x0000000097f00000, 0x0000000097f00000| Untracked 

Card table byte_map: [0x00000182a31d0000,0x00000182a3550000] _byte_map_base: 0x00000182a2d48000

Marking Bits (Prev, Next): (CMBitMap*) 0x000001828bc113e0, (CMBitMap*) 0x000001828bc11420
 Prev Bits: [0x00000182a38d0000, 0x00000182a5490000)
 Next Bits: [0x00000182a5490000, 0x00000182a7050000)

Polling page: 0x000001828b380000

Metaspace:

Usage:
  Non-class:      3.56 MB used.
      Class:    363.98 KB used.
       Both:      3.92 MB used.

Virtual space:
  Non-class space:       64.00 MB reserved,       3.69 MB (  6%) committed,  1 nodes.
      Class space:        1.00 GB reserved,     512.00 KB ( <1%) committed,  1 nodes.
             Both:        1.06 GB reserved,       4.19 MB ( <1%) committed. 

Chunk freelists:
   Non-Class:  3.42 MB
       Class:  3.55 MB
        Both:  6.97 MB

MaxMetaspaceSize: unlimited
CompressedClassSpaceSize: 1.00 GB
Initial GC threshold: 21.00 MB
Current GC threshold: 21.00 MB
CDS: on
MetaspaceReclaimPolicy: balanced
 - commit_granule_bytes: 65536.
 - commit_granule_words: 8192.
 - virtual_space_node_default_size: 8388608.
 - enlarge_chunks_in_place: 1.
 - new_chunks_are_fully_committed: 0.
 - uncommit_free_chunks: 1.
 - use_allocation_guard: 0.


Internal statistics:

num_allocs_failed_limit: 0.
num_arena_births: 114.
num_arena_deaths: 0.
num_vsnodes_births: 2.
num_vsnodes_deaths: 0.
num_space_committed: 67.
num_space_uncommitted: 0.
num_chunks_returned_to_freelist: 0.
num_chunks_taken_from_freelist: 137.
num_chunk_merges: 0.
num_chunk_splits: 102.
num_chunks_enlarged: 74.
num_inconsistent_stats: 0.

CodeHeap 'non-profiled nmethods': size=120000Kb used=289Kb max_used=289Kb free=119710Kb
 bounds [0x000001829b5f0000, 0x000001829b860000, 0x00000182a2b20000]
CodeHeap 'profiled nmethods': size=120000Kb used=869Kb max_used=869Kb free=119130Kb
 bounds [0x0000018293b20000, 0x0000018293d90000, 0x000001829b050000]
CodeHeap 'non-nmethods': size=5760Kb used=1469Kb max_used=1499Kb free=4291Kb
 bounds [0x000001829b050000, 0x000001829b2c0000, 0x000001829b5f0000]
 total_blobs=1380 nmethods=627 adapters=664
 compilation: enabled
              stopped_count=0, restarted_count=0
 full_count=0

Compilation events (20 events):
Event: 9.792 Thread 0x00000182cbedb1a0  618 %     4       Main::processImage @ 109 (628 bytes)
Event: 10.006 Thread 0x00000182cbedb1a0 nmethod 618% 0x000001829b624f10 code [0x000001829b625300, 0x000001829b627cf0]
Event: 10.177 Thread 0x00000182a9aa2060  619 %     4       org.opencv.utils.Converters::Mat_to_vector_Mat @ 74 (129 bytes)
Event: 10.202 Thread 0x00000182a9aa2060 nmethod 619% 0x000001829b62a010 code [0x000001829b62a1e0, 0x000001829b62adb8]
Event: 10.202 Thread 0x00000182a9aa2060  620 %     4       org.opencv.utils.Converters::Mat_to_vector_vector_Point @ 52 (107 bytes)
Event: 10.252 Thread 0x00000182a9aa2060 nmethod 620% 0x000001829b62b310 code [0x000001829b62b520, 0x000001829b62c4b0]
Event: 10.743 Thread 0x00000182a9aa2060  621       4       Main::processImage (628 bytes)
Event: 10.976 Thread 0x00000182a9aa2060 nmethod 621 0x000001829b62cd10 code [0x000001829b62d1e0, 0x000001829b62fde8]
Event: 11.118 Thread 0x00000182a9aa2060  622       4       org.opencv.utils.Converters::Mat_to_vector_Mat (129 bytes)
Event: 11.161 Thread 0x00000182a9aa2060 nmethod 622 0x000001829b632f90 code [0x000001829b6331a0, 0x000001829b6341c0]
Event: 11.162 Thread 0x00000182a9aa2060  624 %     4       java.util.ArrayList::clear @ 27 (43 bytes)
Event: 11.167 Thread 0x00000182a9aa2060 nmethod 624% 0x000001829b634a90 code [0x000001829b634c20, 0x000001829b634d78]
Event: 11.167 Thread 0x00000182a9aa2060  623       4       org.opencv.utils.Converters::Mat_to_vector_vector_Point (107 bytes)
Event: 11.299 Thread 0x00000182a9aa2060 nmethod 623 0x000001829b634e90 code [0x000001829b6350c0, 0x000001829b636350]
Event: 11.300 Thread 0x00000182a9aa2060  625   !   4       java.lang.ref.Reference::processPendingReferences (118 bytes)
Event: 11.320 Thread 0x00000182a9aa2060 nmethod 625 0x000001829b637090 code [0x000001829b6372a0, 0x000001829b637ef0]
Event: 13.679 Thread 0x00000182a9aa2060  626       4       java.util.ArrayList::get (15 bytes)
Event: 13.681 Thread 0x00000182a9aa2060 nmethod 626 0x000001829b638290 code [0x000001829b638420, 0x000001829b638518]
Event: 13.823 Thread 0x00000182a9ad9760  627       3       org.opencv.core.Mat::cols (8 bytes)
Event: 13.823 Thread 0x00000182a9ad9760 nmethod 627 0x0000018293bf9190 code [0x0000018293bf9340, 0x0000018293bf9488]

GC Heap History (9 events):
Event: 3.300 GC heap before
{Heap before GC invocations=0 (full 0):
 garbage-first heap   total 114688K, used 23552K [0x0000000091000000, 0x0000000100000000)
  region size 1024K, 23 young (23552K), 0 survivors (0K)
 Metaspace       used 3980K, committed 4160K, reserved 1114112K
  class space    used 363K, committed 448K, reserved 1048576K
}
Event: 3.347 GC heap after
{Heap after GC invocations=1 (full 0):
 garbage-first heap   total 114688K, used 5504K [0x0000000091000000, 0x0000000100000000)
  region size 1024K, 3 young (3072K), 3 survivors (3072K)
 Metaspace       used 3980K, committed 4160K, reserved 1114112K
  class space    used 363K, committed 448K, reserved 1048576K
}
Event: 4.612 GC heap before
{Heap before GC invocations=1 (full 0):
 garbage-first heap   total 114688K, used 29056K [0x0000000091000000, 0x0000000100000000)
  region size 1024K, 26 young (26624K), 3 survivors (3072K)
 Metaspace       used 3992K, committed 4224K, reserved 1114112K
  class space    used 363K, committed 512K, reserved 1048576K
}
Event: 4.652 GC heap after
{Heap after GC invocations=2 (full 0):
 garbage-first heap   total 114688K, used 10168K [0x0000000091000000, 0x0000000100000000)
  region size 1024K, 4 young (4096K), 4 survivors (4096K)
 Metaspace       used 3992K, committed 4224K, reserved 1114112K
  class space    used 363K, committed 512K, reserved 1048576K
}
Event: 7.461 GC heap before
{Heap before GC invocations=2 (full 0):
 garbage-first heap   total 114688K, used 43960K [0x0000000091000000, 0x0000000100000000)
  region size 1024K, 37 young (37888K), 4 survivors (4096K)
 Metaspace       used 4012K, committed 4288K, reserved 1114112K
  class space    used 363K, committed 512K, reserved 1048576K
}
Event: 7.511 GC heap after
{Heap after GC invocations=3 (full 0):
 garbage-first heap   total 114688K, used 15677K [0x0000000091000000, 0x0000000100000000)
  region size 1024K, 5 young (5120K), 5 survivors (5120K)
 Metaspace       used 4012K, committed 4288K, reserved 1114112K
  class space    used 363K, committed 512K, reserved 1048576K
}
Event: 11.210 GC heap before
{Heap before GC invocations=3 (full 0):
 garbage-first heap   total 114688K, used 59709K [0x0000000091000000, 0x0000000100000000)
  region size 1024K, 48 young (49152K), 5 survivors (5120K)
 Metaspace       used 4012K, committed 4288K, reserved 1114112K
  class space    used 363K, committed 512K, reserved 1048576K
}
Event: 11.295 GC heap after
{Heap after GC invocations=4 (full 0):
 garbage-first heap   total 114688K, used 22299K [0x0000000091000000, 0x0000000100000000)
  region size 1024K, 6 young (6144K), 6 survivors (6144K)
 Metaspace       used 4012K, committed 4288K, reserved 1114112K
  class space    used 363K, committed 512K, reserved 1048576K
}
Event: 14.203 GC heap before
{Heap before GC invocations=4 (full 0):
 garbage-first heap   total 114688K, used 66331K [0x0000000091000000, 0x0000000100000000)
  region size 1024K, 49 young (50176K), 6 survivors (6144K)
 Metaspace       used 4012K, committed 4288K, reserved 1114112K
  class space    used 363K, committed 512K, reserved 1048576K
}

Dll operation events (8 events):
Event: 0.258 Loaded shared library C:\Program Files\Java\jdk-19\bin\java.dll
Event: 0.306 Loaded shared library C:\Program Files\Java\jdk-19\bin\jsvml.dll
Event: 0.723 Loaded shared library C:\Program Files\Java\jdk-19\bin\net.dll
Event: 0.731 Loaded shared library C:\Program Files\Java\jdk-19\bin\nio.dll
Event: 0.741 Loaded shared library C:\Program Files\Java\jdk-19\bin\zip.dll
Event: 1.109 Loaded shared library C:\Users\Quentin\Downloads\opencv\build\java\x64\opencv_java480.dll
Event: 1.148 Loaded shared library C:\Program Files\Java\jdk-19\bin\jimage.dll
Event: 1.204 Loaded shared library C:\Program Files\Java\jdk-19\bin\awt.dll

Deoptimization events (20 events):
Event: 7.513 Thread 0x00000182a9a6ff00 DEOPT PACKING pc=0x000001829b61fa98 sp=0x0000001b54dff530
Event: 7.513 Thread 0x00000182a9a6ff00 DEOPT UNPACKING pc=0x000001829b0b6da3 sp=0x0000001b54dff478 mode 2
Event: 7.514 Thread 0x00000182a9a6ff00 Uncommon trap: trap_request=0xffffffc6 fr.pc=0x000001829b61fa98 relative=0x00000000000005b8
Event: 7.514 Thread 0x00000182a9a6ff00 Uncommon trap: reason=bimorphic_or_optimized_type_check action=maybe_recompile pc=0x000001829b61fa98 method=java.lang.System$2.invokeFinalize(Ljava/lang/Object;)V @ 1 c2
Event: 7.514 Thread 0x00000182a9a6ff00 DEOPT PACKING pc=0x000001829b61fa98 sp=0x0000001b54dff530
Event: 7.514 Thread 0x00000182a9a6ff00 DEOPT UNPACKING pc=0x000001829b0b6da3 sp=0x0000001b54dff478 mode 2
Event: 7.516 Thread 0x00000182a9a6ff00 Uncommon trap: trap_request=0xffffffc6 fr.pc=0x000001829b61fa98 relative=0x00000000000005b8
Event: 7.516 Thread 0x00000182a9a6ff00 Uncommon trap: reason=bimorphic_or_optimized_type_check action=maybe_recompile pc=0x000001829b61fa98 method=java.lang.System$2.invokeFinalize(Ljava/lang/Object;)V @ 1 c2
Event: 7.516 Thread 0x00000182a9a6ff00 DEOPT PACKING pc=0x000001829b61fa98 sp=0x0000001b54dff530
Event: 7.517 Thread 0x00000182a9a6ff00 DEOPT UNPACKING pc=0x000001829b0b6da3 sp=0x0000001b54dff478 mode 2
Event: 7.605 Thread 0x00000182a9a6ff00 DEOPT PACKING pc=0x0000018293be2da1 sp=0x0000001b54dff590
Event: 7.605 Thread 0x00000182a9a6ff00 DEOPT UNPACKING pc=0x000001829b0b7543 sp=0x0000001b54dfea50 mode 0
Event: 10.743 Thread 0x000001828bbb76c0 DEOPT PACKING pc=0x0000018293bf2fb5 sp=0x0000001b545fa150
Event: 10.743 Thread 0x000001828bbb76c0 DEOPT UNPACKING pc=0x000001829b0b7543 sp=0x0000001b545f9740 mode 0
Event: 11.118 Thread 0x000001828bbb76c0 DEOPT PACKING pc=0x0000018293bf6880 sp=0x0000001b545f9d80
Event: 11.118 Thread 0x000001828bbb76c0 DEOPT UNPACKING pc=0x000001829b0b7543 sp=0x0000001b545f9280 mode 0
Event: 11.146 Thread 0x000001828bbb76c0 DEOPT PACKING pc=0x0000018293bf82fe sp=0x0000001b545f9e50
Event: 11.146 Thread 0x000001828bbb76c0 DEOPT UNPACKING pc=0x000001829b0b7543 sp=0x0000001b545f9378 mode 0
Event: 11.296 Thread 0x00000182a9a6ca80 DEOPT PACKING pc=0x0000018293be2331 sp=0x0000001b54cff130
Event: 11.296 Thread 0x00000182a9a6ca80 DEOPT UNPACKING pc=0x000001829b0b7543 sp=0x0000001b54cfe5d0 mode 0

Classes loaded (20 events):
Event: 1.737 Loading class java/awt/Rectangle
Event: 1.737 Loading class java/awt/Shape
Event: 1.737 Loading class java/awt/Shape done
Event: 1.737 Loading class java/awt/geom/Rectangle2D
Event: 1.737 Loading class java/awt/geom/RectangularShape
Event: 1.737 Loading class java/awt/geom/RectangularShape done
Event: 1.737 Loading class java/awt/geom/Rectangle2D done
Event: 1.737 Loading class java/awt/Rectangle done
Event: 1.738 Loading class javax/swing/RepaintManager$ProcessingRunnable
Event: 1.738 Loading class javax/swing/RepaintManager$ProcessingRunnable done
Event: 1.738 Loading class com/sun/java/swing/SwingUtilities3
Event: 1.738 Loading class com/sun/java/swing/SwingUtilities3 done
Event: 1.742 Loading class java/lang/UnsupportedOperationException
Event: 1.743 Loading class java/lang/UnsupportedOperationException done
Event: 2.462 Loading class sun/awt/AppContext$PostShutdownEventRunnable
Event: 2.462 Loading class sun/awt/AppContext$PostShutdownEventRunnable done
Event: 2.462 Loading class sun/awt/AWTAutoShutdown$1
Event: 2.462 Loading class sun/awt/AWTAutoShutdown$1 done
Event: 3.351 Loading class java/util/concurrent/locks/AbstractQueuedSynchronizer$ExclusiveNode
Event: 3.351 Loading class java/util/concurrent/locks/AbstractQueuedSynchronizer$ExclusiveNode done

Classes unloaded (0 events):
No events

Classes redefined (0 events):
No events

Internal exceptions (10 events):
Event: 1.172 Thread 0x000001828bbb76c0 Exception <a 'java/lang/ClassNotFoundException'{0x0000000097d17b40}: sun/awt/resources/spi/awtProvider> (0x0000000097d17b40) 
thrown [s\open\src\hotspot\share\classfile\systemDictionary.cpp, line 255]
Event: 1.241 Thread 0x000001828bbb76c0 Exception <a 'java/io/FileNotFoundException'{0x0000000097d70bd0}> (0x0000000097d70bd0) 
thrown [s\open\src\hotspot\share\prims\jni.cpp, line 517]
Event: 1.258 Thread 0x000001828bbb76c0 Exception <a 'java/io/FileNotFoundException'{0x0000000097d9d330}> (0x0000000097d9d330) 
thrown [s\open\src\hotspot\share\prims\jni.cpp, line 517]
Event: 1.383 Thread 0x000001828bbb76c0 Exception <a 'java/lang/NoSuchMethodError'{0x0000000097df8c60}: 'java.lang.Object java.lang.invoke.DirectMethodHandle$Holder.invokeStaticInit(java.lang.Object)'> (0x0000000097df8c60) 
thrown [s\open\src\hotspot\share\interpreter\linkResolver.cpp, line 774]
Event: 1.464 Thread 0x000001828bbb76c0 Exception <a 'java/lang/NoSuchMethodError'{0x0000000097c99c18}: 'void java.lang.invoke.DirectMethodHandle$Holder.invokeSpecial(java.lang.Object, java.lang.Object, java.lang.Object)'> (0x0000000097c99c18) 
thrown [s\open\src\hotspot\share\interpreter\linkResolver.cpp, line 774]
Event: 1.510 Thread 0x000001828bbb76c0 Exception <a 'java/lang/NoSuchMethodError'{0x0000000097cc4580}: 'java.lang.Object java.lang.invoke.DirectMethodHandle$Holder.newInvokeSpecial(java.lang.Object, java.lang.Object, java.lang.Object, java.lang.Object, java.lang.Object)'> (0x0000000097cc4580) 
thrown [s\open\src\hotspot\share\interpreter\linkResolver.cpp, line 774]
Event: 1.537 Thread 0x000001828bbb76c0 Exception <a 'java/lang/NoSuchMethodError'{0x0000000097b09f68}: 'java.lang.Object java.lang.invoke.DirectMethodHandle$Holder.invokeStatic(java.lang.Object, int, java.lang.Object)'> (0x0000000097b09f68) 
thrown [s\open\src\hotspot\share\interpreter\linkResolver.cpp, line 774]
Event: 1.711 Thread 0x000001828bbb76c0 Exception <a 'java/lang/ClassNotFoundException'{0x0000000097a3e660}: com/sun/swing/internal/plaf/metal/resources/spi/metalProvider> (0x0000000097a3e660) 
thrown [s\open\src\hotspot\share\classfile\systemDictionary.cpp, line 255]
Event: 1.727 Thread 0x000001828bbb76c0 Exception <a 'java/lang/ClassNotFoundException'{0x0000000097a42390}: com/sun/swing/internal/plaf/basic/resources/spi/basicProvider> (0x0000000097a42390) 
thrown [s\open\src\hotspot\share\classfile\systemDictionary.cpp, line 255]
Event: 3.396 Thread 0x00000182a9a6ff00 Implicit null exception at 0x000001829b61e1c9 to 0x000001829b61e572

VM Operations (19 events):
Event: 1.041 Executing VM operation: HandshakeAllThreads
Event: 1.041 Executing VM operation: HandshakeAllThreads done
Event: 1.047 Executing VM operation: HandshakeAllThreads
Event: 1.047 Executing VM operation: HandshakeAllThreads done
Event: 2.051 Executing VM operation: Cleanup
Event: 2.051 Executing VM operation: Cleanup done
Event: 3.300 Executing VM operation: G1CollectForAllocation
Event: 3.350 Executing VM operation: G1CollectForAllocation done
Event: 4.354 Executing VM operation: Cleanup
Event: 4.354 Executing VM operation: Cleanup done
Event: 4.612 Executing VM operation: G1CollectForAllocation
Event: 4.652 Executing VM operation: G1CollectForAllocation done
Event: 7.461 Executing VM operation: G1CollectForAllocation
Event: 7.511 Executing VM operation: G1CollectForAllocation done
Event: 8.519 Executing VM operation: Cleanup
Event: 8.519 Executing VM operation: Cleanup done
Event: 11.210 Executing VM operation: G1CollectForAllocation
Event: 11.295 Executing VM operation: G1CollectForAllocation done
Event: 14.202 Executing VM operation: G1CollectForAllocation

Events (20 events):
Event: 0.373 Thread 0x00000182a9a6ff00 Thread added: 0x00000182a9a6ff00
Event: 0.374 Thread 0x00000182a9a716d0 Thread added: 0x00000182a9a716d0
Event: 0.374 Thread 0x00000182a9a72200 Thread added: 0x00000182a9a72200
Event: 0.375 Thread 0x00000182a9a77590 Thread added: 0x00000182a9a77590
Event: 0.375 Thread 0x00000182a9a7f3e0 Thread added: 0x00000182a9a7f3e0
Event: 0.376 Thread 0x00000182a9aa2060 Thread added: 0x00000182a9aa2060
Event: 0.381 Thread 0x00000182a9ad9760 Thread added: 0x00000182a9ad9760
Event: 0.382 Thread 0x00000182a9add4a0 Thread added: 0x00000182a9add4a0
Event: 0.567 Thread 0x00000182ade2a040 Thread added: 0x00000182ade2a040
Event: 0.695 Thread 0x00000182ade30c60 Thread added: 0x00000182ade30c60
Event: 1.387 Thread 0x00000182ae0488f0 Thread added: 0x00000182ae0488f0
Event: 1.390 Thread 0x00000182ae0524a0 Thread added: 0x00000182ae0524a0
Event: 1.405 Thread 0x00000182ae07c650 Thread added: 0x00000182ae07c650
Event: 2.462 Thread 0x00000182ae0524a0 Thread exited: 0x00000182ae0524a0
Event: 3.368 Thread 0x00000182ba674b40 Thread added: 0x00000182ba674b40
Event: 3.383 Thread 0x00000182ba6750d0 Thread added: 0x00000182ba6750d0
Event: 3.755 Thread 0x00000182ba6750d0 Thread exited: 0x00000182ba6750d0
Event: 4.360 Thread 0x00000182ba674b40 Thread exited: 0x00000182ba674b40
Event: 7.533 Thread 0x00000182cbedb1a0 Thread added: 0x00000182cbedb1a0
Event: 10.178 Thread 0x00000182cbedb1a0 Thread exited: 0x00000182cbedb1a0


Dynamic libraries:
0x00007ff6baec0000 - 0x00007ff6baed0000 	C:\Program Files\Java\jdk-19\bin\javaw.exe
0x00007ffe565d0000 - 0x00007ffe567e7000 	C:\WINDOWS\SYSTEM32\ntdll.dll
0x00007ffe55310000 - 0x00007ffe553d4000 	C:\WINDOWS\System32\KERNEL32.DLL
0x00007ffe53a80000 - 0x00007ffe53e26000 	C:\WINDOWS\System32\KERNELBASE.dll
0x00007ffe54180000 - 0x00007ffe54291000 	C:\WINDOWS\System32\ucrtbase.dll
0x00007ffe382a0000 - 0x00007ffe382b8000 	C:\Program Files\Java\jdk-19\bin\jli.dll
0x00007ffe54320000 - 0x00007ffe543d1000 	C:\WINDOWS\System32\ADVAPI32.dll
0x00007ffe55020000 - 0x00007ffe550c7000 	C:\WINDOWS\System32\msvcrt.dll
0x00007ffe55640000 - 0x00007ffe556e5000 	C:\WINDOWS\System32\sechost.dll
0x00007ffe559c0000 - 0x00007ffe55ad7000 	C:\WINDOWS\System32\RPCRT4.dll
0x00007ffe550d0000 - 0x00007ffe5527e000 	C:\WINDOWS\System32\USER32.dll
0x00007ffe539e0000 - 0x00007ffe53a06000 	C:\WINDOWS\System32\win32u.dll
0x00007ffe556f0000 - 0x00007ffe55719000 	C:\WINDOWS\System32\GDI32.dll
0x00007ffe53fa0000 - 0x00007ffe540b8000 	C:\WINDOWS\System32\gdi32full.dll
0x00007ffe53940000 - 0x00007ffe539da000 	C:\WINDOWS\System32\msvcp_win.dll
0x00007ffe37510000 - 0x00007ffe3752b000 	C:\Program Files\Java\jdk-19\bin\VCRUNTIME140.dll
0x00007ffe40590000 - 0x00007ffe40823000 	C:\WINDOWS\WinSxS\amd64_microsoft.windows.common-controls_6595b64144ccf1df_6.0.22621.2506_none_270c5ae97388e100\COMCTL32.dll
0x00007ffe4a6d0000 - 0x00007ffe4a6da000 	C:\WINDOWS\SYSTEM32\VERSION.dll
0x00007ffe55af0000 - 0x00007ffe55b21000 	C:\WINDOWS\System32\IMM32.DLL
0x00007ffe4ec20000 - 0x00007ffe4ec2c000 	C:\Program Files\Java\jdk-19\bin\vcruntime140_1.dll
0x00007ffe35250000 - 0x00007ffe352de000 	C:\Program Files\Java\jdk-19\bin\msvcp140.dll
0x00007ffdec8a0000 - 0x00007ffded560000 	C:\Program Files\Java\jdk-19\bin\server\jvm.dll
0x00007ffe38760000 - 0x00007ffe38769000 	C:\WINDOWS\SYSTEM32\WSOCK32.dll
0x00007ffe55290000 - 0x00007ffe55301000 	C:\WINDOWS\System32\WS2_32.dll
0x00007ffe4d6c0000 - 0x00007ffe4d6f4000 	C:\WINDOWS\SYSTEM32\WINMM.dll
0x00007ffe52910000 - 0x00007ffe52928000 	C:\WINDOWS\SYSTEM32\kernel.appcore.dll
0x00007ffe4ec10000 - 0x00007ffe4ec1a000 	C:\Program Files\Java\jdk-19\bin\jimage.dll
0x00007ffe50fa0000 - 0x00007ffe511d3000 	C:\WINDOWS\SYSTEM32\DBGHELP.DLL
0x00007ffe55b30000 - 0x00007ffe55eb9000 	C:\WINDOWS\System32\combase.dll
0x00007ffe54490000 - 0x00007ffe54567000 	C:\WINDOWS\System32\OLEAUT32.dll
0x00007ffe4b840000 - 0x00007ffe4b872000 	C:\WINDOWS\SYSTEM32\dbgcore.DLL
0x00007ffe542a0000 - 0x00007ffe5431a000 	C:\WINDOWS\System32\bcryptPrimitives.dll
0x00007ffe47670000 - 0x00007ffe47696000 	C:\Program Files\Java\jdk-19\bin\java.dll
0x00007ffe34ae0000 - 0x00007ffe34bb7000 	C:\Program Files\Java\jdk-19\bin\jsvml.dll
0x00007ffe54610000 - 0x00007ffe54e6a000 	C:\WINDOWS\System32\SHELL32.dll
0x00007ffe51810000 - 0x00007ffe52106000 	C:\WINDOWS\SYSTEM32\windows.storage.dll
0x00007ffe516d0000 - 0x00007ffe5180e000 	C:\WINDOWS\SYSTEM32\wintypes.dll
0x00007ffe563b0000 - 0x00007ffe564a3000 	C:\WINDOWS\System32\SHCORE.dll
0x00007ffe54590000 - 0x00007ffe545ee000 	C:\WINDOWS\System32\shlwapi.dll
0x00007ffe53870000 - 0x00007ffe53896000 	C:\WINDOWS\SYSTEM32\profapi.dll
0x00007ffe4e5b0000 - 0x00007ffe4e5c3000 	C:\Program Files\Java\jdk-19\bin\net.dll
0x00007ffe4db60000 - 0x00007ffe4dc97000 	C:\WINDOWS\SYSTEM32\WINHTTP.dll
0x00007ffe52da0000 - 0x00007ffe52e09000 	C:\WINDOWS\system32\mswsock.dll
0x00007ffe38230000 - 0x00007ffe38246000 	C:\Program Files\Java\jdk-19\bin\nio.dll
0x00007ffe381c0000 - 0x00007ffe381d8000 	C:\Program Files\Java\jdk-19\bin\zip.dll
0x00007ffdad590000 - 0x00007ffdb06b3000 	C:\Users\Quentin\Downloads\opencv\build\java\x64\opencv_java480.dll
0x00007ffe54e70000 - 0x00007ffe55010000 	C:\WINDOWS\System32\ole32.dll
0x00007ffe4ddd0000 - 0x00007ffe4df9e000 	C:\WINDOWS\SYSTEM32\MFPlat.DLL
0x00007ffdfef50000 - 0x00007ffdff06f000 	C:\WINDOWS\SYSTEM32\MFReadWrite.dll
0x00007ffdfeda0000 - 0x00007ffdfee2b000 	C:\WINDOWS\SYSTEM32\MF.dll
0x00007ffe50920000 - 0x00007ffe50a18000 	C:\WINDOWS\SYSTEM32\dxgi.dll
0x00007ffe4fa70000 - 0x00007ffe4fcc7000 	C:\WINDOWS\SYSTEM32\d3d11.dll
0x00007ffe535b0000 - 0x00007ffe535fe000 	C:\WINDOWS\SYSTEM32\cfgmgr32.dll
0x00007ffe33510000 - 0x00007ffe338ab000 	C:\WINDOWS\SYSTEM32\MFCORE.DLL
0x00007ffe4dce0000 - 0x00007ffe4dd13000 	C:\WINDOWS\SYSTEM32\RTWorkQ.DLL
0x00007ffe21430000 - 0x00007ffe215c1000 	C:\Program Files\Java\jdk-19\bin\awt.dll
0x00007ffe506d0000 - 0x00007ffe50767000 	C:\WINDOWS\SYSTEM32\apphelp.dll
0x00007ffe50800000 - 0x00007ffe508ab000 	C:\WINDOWS\system32\uxtheme.dll
0x00007ffe553e0000 - 0x00007ffe55530000 	C:\WINDOWS\System32\MSCTF.dll
0x00007ffe50a30000 - 0x00007ffe50a5b000 	C:\WINDOWS\system32\DWMAPI.DLL

dbghelp: loaded successfully - version: 4.0.5 - missing functions: none
symbol engine: initialized successfully - sym options: 0x614 - pdb path: .;C:\Program Files\Java\jdk-19\bin;C:\WINDOWS\SYSTEM32;C:\WINDOWS\WinSxS\amd64_microsoft.windows.common-controls_6595b64144ccf1df_6.0.22621.2506_none_270c5ae97388e100;C:\Program Files\Java\jdk-19\bin\server;C:\Users\Quentin\Downloads\opencv\build\java\x64

VM Arguments:
jvm_args: -Djava.library.path=C:\Users\Quentin\Downloads\opencv\build\java\x64 -Dfile.encoding=UTF-8 -XX:+ShowCodeDetailsInExceptionMessages 
java_command: Main
java_class_path (initial): C:\Users\Quentin\Downloads\opencv\build\java\opencv-480.jar;C:\Users\Quentin\git\ProjetFrelon\bin
Launcher Type: SUN_STANDARD

[Global flags]
     intx CICompilerCount                          = 4                                         {product} {ergonomic}
     uint ConcGCThreads                            = 2                                         {product} {ergonomic}
     uint G1ConcRefinementThreads                  = 8                                         {product} {ergonomic}
   size_t G1HeapRegionSize                         = 1048576                                   {product} {ergonomic}
    uintx GCDrainStackTargetSize                   = 64                                        {product} {ergonomic}
   size_t InitialHeapSize                          = 117440512                                 {product} {ergonomic}
   size_t MarkStackSize                            = 4194304                                   {product} {ergonomic}
   size_t MaxHeapSize                              = 1862270976                                {product} {ergonomic}
   size_t MaxNewSize                               = 1116733440                                {product} {ergonomic}
   size_t MinHeapDeltaBytes                        = 1048576                                   {product} {ergonomic}
   size_t MinHeapSize                              = 8388608                                   {product} {ergonomic}
    uintx NonNMethodCodeHeapSize                   = 5839372                                {pd product} {ergonomic}
    uintx NonProfiledCodeHeapSize                  = 122909434                              {pd product} {ergonomic}
    uintx ProfiledCodeHeapSize                     = 122909434                              {pd product} {ergonomic}
    uintx ReservedCodeCacheSize                    = 251658240                              {pd product} {ergonomic}
     bool SegmentedCodeCache                       = true                                      {product} {ergonomic}
     bool ShowCodeDetailsInExceptionMessages       = true                                   {manageable} {command line}
   size_t SoftMaxHeapSize                          = 1862270976                             {manageable} {ergonomic}
     bool UseCompressedClassPointers               = true                           {product lp64_product} {ergonomic}
     bool UseCompressedOops                        = true                           {product lp64_product} {ergonomic}
     bool UseG1GC                                  = true                                      {product} {ergonomic}
     bool UseLargePagesIndividualAllocation        = false                                  {pd product} {ergonomic}

Logging:
Log output configuration:
 #0: stdout all=warning uptime,level,tags foldmultilines=false
 #1: stderr all=off uptime,level,tags foldmultilines=false

Environment Variables:
PATH=C:/Program Files/Java/jdk-19/bin/server;C:/Program Files/Java/jdk-19/bin;C:\Program Files (x86)\VMware\VMware Workstation\bin\;C:\Program Files\Common Files\Oracle\Java\javapath;C:\Program Files (x86)\Common Files\Oracle\Java\javapath;C:\WINDOWS\system32;C:\WINDOWS;C:\WINDOWS\System32\Wbem;C:\WINDOWS\System32\WindowsPowerShell\v1.0\;C:\WINDOWS\System32\OpenSSH\;C;C;C:\Program Files (x86)\dotnet\;C:\Program Files\dotnet\;C:\Program Files\Git\cmd;C:\Users\Quentin\AppData\Local\Microsoft\WindowsApps;C:\Users\Quentin\AppData\Local\JetBrains\Toolbox\scripts;C:\Users\Quentin\AppData\Local\Microsoft\WindowsApps;C:\Users\Quentin\AppData\Local\Programs\Microsoft VS Code\bin;C:\Users\Quentin\AppData\Local\GitHubDesktop\bin;C:\Users\Quentin\Desktop;
USERNAME=Quentin
OS=Windows_NT
PROCESSOR_IDENTIFIER=AMD64 Family 23 Model 24 Stepping 1, AuthenticAMD
TMP=C:\Users\Quentin\AppData\Local\Temp
TEMP=C:\Users\Quentin\AppData\Local\Temp



---------------  S Y S T E M  ---------------

OS:
 Windows 11 , 64 bit Build 22621 (10.0.22621.2506)
OS uptime: 0 days 18:53 hours
Hyper-V role detected

CPU: total 8 (initial active 8) (8 cores per cpu, 2 threads per core) family 23 model 24 stepping 1 microcode 0x0, cx8, cmov, fxsr, ht, mmx, 3dnowpref, sse, sse2, sse3, ssse3, sse4a, sse4.1, sse4.2, popcnt, lzcnt, tsc, tscinvbit, avx, avx2, aes, clmul, bmi1, bmi2, adx, sha, fma, vzeroupper, clflush, clflushopt, hv, rdtscp

Memory: 4k page, system-wide physical 7103M (276M free)
TotalPageFile size 17928M (AvailPageFile size 12M)
current process WorkingSet (physical memory assigned to process): 562M, peak: 668M
current process commit charge ("private bytes"): 1279M, peak: 1302M

vm_info: Java HotSpot(TM) 64-Bit Server VM (19.0.2+7-44) for windows-amd64 JRE (19.0.2+7-44), built on 2022-11-30T18:02:09Z by "mach5one" with MS VC++ 17.1 (VS2022)

END.
